proguard/seeds.txt
com.xjt.newpic.NpAppImpl
com.xjt.newpic.NpAppImpl: NpAppImpl()
com.xjt.newpic.R$anim: int alpha_media_player_out
com.xjt.newpic.R$anim: int alpha_sliding_menu_in
com.xjt.newpic.R$anim: int alpha_sliding_menu_out
com.xjt.newpic.R$anim: int fade_in
com.xjt.newpic.R$anim: int fade_out
com.xjt.newpic.R$anim: int slide_bottom_in
com.xjt.newpic.R$anim: int slide_bottom_out
com.xjt.newpic.R$anim: int slide_left_in
com.xjt.newpic.R$anim: int slide_left_out
com.xjt.newpic.R$anim: int slide_right_in
com.xjt.newpic.R$anim: int slide_right_out
com.xjt.newpic.R$anim: int slide_top_in
com.xjt.newpic.R$anim: int slide_top_out
com.xjt.newpic.R$anim: int umeng_fb_slide_in_from_left
com.xjt.newpic.R$anim: int umeng_fb_slide_in_from_right
com.xjt.newpic.R$anim: int umeng_fb_slide_out_from_left
com.xjt.newpic.R$anim: int umeng_fb_slide_out_from_right
com.xjt.newpic.R$anim: int wave_scale
com.xjt.newpic.R$array: int share_to_title
com.xjt.newpic.R$attr: int defaultValue
com.xjt.newpic.R$attr: int disabledAlpha
com.xjt.newpic.R$attr: int elemEndSize
com.xjt.newpic.R$attr: int elemSize
com.xjt.newpic.R$attr: int entryValues
com.xjt.newpic.R$attr: int iconSize
com.xjt.newpic.R$attr: int icons
com.xjt.newpic.R$attr: int images
com.xjt.newpic.R$attr: int key
com.xjt.newpic.R$attr: int labelList
com.xjt.newpic.R$attr: int largeIcons
com.xjt.newpic.R$attr: int listPreferredItemHeightSmall
com.xjt.newpic.R$attr: int max_width
com.xjt.newpic.R$attr: int modes
com.xjt.newpic.R$attr: int singleIcon
com.xjt.newpic.R$attr: int switchStyle
com.xjt.newpic.R$attr: int textOff
com.xjt.newpic.R$attr: int textOn
com.xjt.newpic.R$color: int albumset_label_background
com.xjt.newpic.R$color: int albumset_label_count
com.xjt.newpic.R$color: int albumset_label_title
com.xjt.newpic.R$color: int background_main_toolbar
com.xjt.newpic.R$color: int background_screen
com.xjt.newpic.R$color: int color_chooser_slected_border
com.xjt.newpic.R$color: int common_dark
com.xjt.newpic.R$color: int common_grey
com.xjt.newpic.R$color: int common_toggle_button_text
com.xjt.newpic.R$color: int common_white
com.xjt.newpic.R$color: int crop_shadow_color
com.xjt.newpic.R$color: int crop_shadow_wp_color
com.xjt.newpic.R$color: int crop_wp_markers
com.xjt.newpic.R$color: int darker_transparent
com.xjt.newpic.R$color: int draw_rect_border
com.xjt.newpic.R$color: int filtershow_categoryview_background
com.xjt.newpic.R$color: int filtershow_categoryview_text
com.xjt.newpic.R$color: int full_image_placeholder
com.xjt.newpic.R$color: int gl_background_color
com.xjt.newpic.R$color: int gradcontrol_graypoint_center
com.xjt.newpic.R$color: int gradcontrol_graypoint_edge
com.xjt.newpic.R$color: int gradcontrol_line_color
com.xjt.newpic.R$color: int gradcontrol_line_shadow
com.xjt.newpic.R$color: int gradcontrol_point_center
com.xjt.newpic.R$color: int gradcontrol_point_edge
com.xjt.newpic.R$color: int gradcontrol_point_shadow_end
com.xjt.newpic.R$color: int gradcontrol_point_shadow_start
com.xjt.newpic.R$color: int minor_text_color
com.xjt.newpic.R$color: int np_common_bar_bg
...
com.umeng.update.UmengUpdateAgent$2
com.umeng.update.UmengUpdateAgent$2: android.content.Context a
com.umeng.update.UmengUpdateAgent$2: UmengUpdateAgent$2(android.content.Context)
com.umeng.update.UmengUpdateAgent$2: void run()
com.umeng.update.UmengUpdateAgent$3
com.umeng.update.UmengUpdateAgent$3: android.content.Context a
com.umeng.update.UmengUpdateAgent$3: UmengUpdateAgent$3(android.content.Context)
com.umeng.update.UmengUpdateAgent$3: void run()
com.umeng.update.UmengUpdateAgent$4
com.umeng.update.UmengUpdateAgent$4: android.content.Context a
com.umeng.update.UmengUpdateAgent$4: UmengUpdateAgent$4(android.content.Context)
com.umeng.update.UmengUpdateAgent$4: void run()
com.umeng.update.UmengUpdateAgent$5
com.umeng.update.UmengUpdateAgent$5: android.content.Context a
com.umeng.update.UmengUpdateAgent$5: UmengUpdateAgent$5(android.content.Context)
com.umeng.update.UmengUpdateAgent$5: void run()
com.umeng.update.UmengUpdateAgent$6
com.umeng.update.UmengUpdateAgent$6: android.content.Context a
com.umeng.update.UmengUpdateAgent$6: UmengUpdateAgent$6(android.content.Context)
com.umeng.update.UmengUpdateAgent$6: void run()
com.umeng.update.UmengUpdateAgent$7
com.umeng.update.UmengUpdateAgent$7: android.content.Context a
com.umeng.update.UmengUpdateAgent$7: UmengUpdateAgent$7(android.content.Context)
com.umeng.update.UmengUpdateAgent$7: void run()
com.umeng.update.UmengUpdateAgent$a
com.umeng.update.UmengUpdateAgent$a: android.content.Context a
com.umeng.update.UmengUpdateAgent$a: UmengUpdateAgent$a(android.content.Context)
com.umeng.update.UmengUpdateAgent$a: void run()
com.umeng.update.UmengUpdateListener
com.umeng.update.UmengUpdateListener: void onUpdateReturned(int,com.umeng.update.UpdateResponse)
com.umeng.update.UpdateConfig
com.umeng.update.UpdateConfig: java.lang.String a
com.umeng.update.UpdateConfig: java.lang.String b
com.umeng.update.UpdateConfig: java.lang.String c
com.umeng.update.UpdateConfig: java.lang.String d
com.umeng.update.UpdateConfig: java.lang.String e
com.umeng.update.UpdateConfig: java.lang.String f
com.umeng.update.UpdateConfig: java.lang.String g
com.umeng.update.UpdateConfig: java.lang.String h
com.umeng.update.UpdateConfig: java.lang.String i
com.umeng.update.UpdateConfig: java.lang.String j
com.umeng.update.UpdateConfig: java.lang.String k
com.umeng.update.UpdateConfig: java.lang.String l
com.umeng.update.UpdateConfig: java.lang.String m
com.umeng.update.UpdateConfig: boolean n
com.umeng.update.UpdateConfig: boolean o
com.umeng.update.UpdateConfig: boolean p
com.umeng.update.UpdateConfig: boolean q
com.umeng.update.UpdateConfig: boolean r
com.umeng.update.UpdateConfig: boolean s
com.umeng.update.UpdateConfig: boolean t
com.umeng.update.UpdateConfig: int u
com.umeng.update.UpdateConfig: void <clinit>()
com.umeng.update.UpdateConfig: UpdateConfig()
com.umeng.update.UpdateConfig: void setAppkey(java.lang.String)
com.umeng.update.UpdateConfig: void setChannel(java.lang.String)
com.umeng.update.UpdateConfig: void setDebug(boolean)
com.umeng.update.UpdateConfig: java.lang.String getAppkey(android.content.Context)
com.umeng.update.UpdateConfig: java.lang.String getChannel(android.content.Context)
com.umeng.update.UpdateDialogActivity
com.umeng.update.UpdateDialogActivity: int a
com.umeng.update.UpdateDialogActivity: com.umeng.update.UpdateResponse b
com.umeng.update.UpdateDialogActivity: boolean c
com.umeng.update.UpdateDialogActivity: java.io.File d
com.umeng.update.UpdateDialogActivity: UpdateDialogActivity()
com.umeng.update.UpdateDialogActivity: void onCreate(android.os.Bundle)
com.umeng.update.UpdateDialogActivity: void onDestroy()