proguard/mapping.txt
com.xjt.newpic.NpApp -> AMKJFDKKLSI8FD9FD3SPOI7.uonnon.lu:
    com.xjt.newpic.metadata.DataManager getDataManager() -> a
    com.xjt.newpic.imagedata.blobcache.BlobCacheService getBlobCacheService() -> b
    com.xjt.newpic.common.ThreadPool getThreadPool() -> c
    android.content.Context getAppContext() -> d
    android.os.Looper getMainLooper() -> getMainLooper
    android.content.ContentResolver getContentResolver() -> getContentResolver
    android.content.res.Resources getResources() -> getResources
com.xjt.newpic.NpAppImpl -> com.xjt.newpic.NpAppImpl:
    java.lang.String TAG -> a
    com.xjt.newpic.imagedata.blobcache.BlobCacheService mImageCacheService -> b
    java.lang.Object mLock -> c
    com.xjt.newpic.metadata.DataManager mDataManager -> d
    com.xjt.newpic.common.ThreadPool mThreadPool -> e
    38:43:void onCreate() -> onCreate
    47:51:com.xjt.newpic.metadata.DataManager getDataManager() -> a
    56:59:com.xjt.newpic.common.ThreadPool getThreadPool() -> c
    65:65:com.xjt.newpic.imagedata.blobcache.BlobCacheService getBlobCacheService() -> b
    75:75:android.content.Context getAppContext() -> d
    79:87:void initImageLoader(android.content.Context) -> a
com.xjt.newpic.NpContext -> AMKJFDKKLSI8FD9FD3SPOI7.uonnon.lv:
    android.content.Context getActivityContext() -> a
    com.xjt.newpic.metadata.DataManager getDataManager() -> b
    boolean isImageBrwosing() -> c
    com.xjt.newpic.common.ThreadPool getThreadPool() -> d
    com.xjt.newpic.view.GLController getGLController() -> e
    com.xjt.newpic.view.NpTopBar getLetoolTopBar() -> f
    com.xjt.newpic.view.NpBottomBar getLetoolBottomBar() -> g
    com.xjt.newpic.common.OrientationManager getOrientationManager() -> h
    android.view.View getGuidTipView() -> i
    void showEmptyView(int,int) -> a
    void hideEmptyView() -> j
    void pushContentFragment(android.support.v4.app.Fragment,android.support.v4.app.Fragment,boolean) -> a
    void popContentFragment() -> k
    com.xjt.newpic.view.NpSlidingMenu getSlidingMenu() -> l
    boolean isAlbumDirty() -> m
    void setAlbumDirty(boolean) -> a_
com.xjt.newpic.R -> AMKJFDKKLSI8FD9FD3SPOI7.uonnon.lw:
com.xjt.newpic.R$styleable -> AMKJFDKKLSI8FD9FD3SPOI7.uonnon.lx:
    int[] CategoryListView -> CategoryListView
    int CategoryListView_iconSize -> CategoryListView_iconSize
    int[] CenteredLinearLayout -> CenteredLinearLayout
    int CenteredLinearLayout_max_width -> CenteredLinearLayout_max_width
    int[] IconIndicator -> IconIndicator
    int IconIndicator_icons -> IconIndicator_icons
    int IconIndicator_modes -> IconIndicator_modes
    int[] IconListPreference -> IconListPreference
    int IconListPreference_icons -> IconListPreference_icons
    int IconListPreference_images -> IconListPreference_images
    int IconListPreference_largeIcons -> IconListPreference_largeIcons
    int IconListPreference_singleIcon -> IconListPreference_singleIcon
    int[] ImageButtonTitle -> ImageButtonTitle
    int ImageButtonTitle_android_text -> ImageButtonTitle_android_text
    int ImageButtonTitle_android_textColor -> ImageButtonTitle_android_textColor
    int[] ListPreference -> ListPreference
    int ListPreference_defaultValue -> ListPreference_defaultValue
    int ListPreference_entryValues -> ListPreference_entryValues
    int ListPreference_key -> ListPreference_key
    int ListPreference_labelList -> ListPreference_labelList
    int[] StatePanelTrack -> StatePanelTrack
    int StatePanelTrack_elemEndSize -> StatePanelTrack_elemEndSize
    int StatePanelTrack_elemSize -> StatePanelTrack_elemSize
    int[] Theme_GalleryBase -> Theme_GalleryBase
...
u.aly.p -> AMKJFDKKLSI8FD9FD3SPOI7.uonnon.asd:
    void a(u.aly.af,java.lang.String) -> a
u.aly.q -> AMKJFDKKLSI8FD9FD3SPOI7.uonnon.ase:
    java.util.List a -> a
    u.aly.H b -> b
    u.aly.I c -> c
    u.aly.K d -> d
    u.aly.X e -> e
    android.content.Context f -> f
    51:57:int b() -> a
    61:66:void a(u.aly.p) -> a
    69:94:void a(u.aly.af) -> a
    97:97:java.lang.String i() -> h
    101:102:void a(u.aly.H) -> a
    105:110:u.aly.I c() -> b
    114:119:u.aly.K d() -> c
    124:129:u.aly.X e() -> d
    134:137:u.aly.T f() -> e
    143:146:u.aly.S g() -> f
    152:155:u.aly.J h() -> g
    161:182:void a(android.content.Context) -> a
    186:213:void b(android.content.Context) -> b
    217:254:void c(android.content.Context) -> c
u.aly.r -> AMKJFDKKLSI8FD9FD3SPOI7.uonnon.asf:
    int d -> a
    java.lang.String e -> b
    java.lang.String f -> c
    int g -> d
    android.content.Context h -> e
    u.aly.w i -> f
    u.aly.f j -> g
    74:75:void a(u.aly.w) -> a
    83:99:int a(byte[]) -> a
    104:126:boolean a() -> a
    131:190:byte[] a(byte[],java.lang.String) -> a
    196:220:java.lang.String a(android.content.Context) -> a
    224:243:int b(byte[]) -> b
u.aly.s -> AMKJFDKKLSI8FD9FD3SPOI7.uonnon.asg:
    13:23:java.lang.String a(java.io.Serializable) -> a
    27:35:java.lang.Object a(java.lang.String) -> a
    39:46:java.lang.String a(byte[]) -> a
    50:57:byte[] b(java.lang.String) -> b
u.aly.t -> AMKJFDKKLSI8FD9FD3SPOI7.uonnon.ash:
    void a(java.lang.Throwable) -> a
u.aly.u -> AMKJFDKKLSI8FD9FD3SPOI7.uonnon.asi:
    14:14:android.content.SharedPreferences a(android.content.Context,java.lang.String) -> a
    18:18:android.content.SharedPreferences a(android.content.Context) -> a
u.aly.v -> AMKJFDKKLSI8FD9FD3SPOI7.uonnon.asj:
    java.lang.String d -> a
    java.lang.String e -> b
    34:81:u.aly.F a(android.content.Context) -> a
    85:96:void a(android.content.SharedPreferences) -> a
    100:112:java.lang.String b(android.content.Context) -> b
    117:136:void c(android.content.Context) -> c
    139:159:void d(android.content.Context) -> d
    162:175:boolean b(android.content.SharedPreferences) -> b
    180:199:java.lang.String a(android.content.Context,android.content.SharedPreferences) -> a
u.aly.w -> AMKJFDKKLSI8FD9FD3SPOI7.uonnon.ask:
    int d -> d
    int a -> a
    int b -> b
    int e -> e
    long c -> c
    long f -> f
    long g -> g
    android.content.Context m -> h
    38:46:void b(android.content.Context) -> b
    53:53:boolean b() -> a
    57:60:void c() -> b
    63:64:void d() -> c
    67:68:void e() -> d
    71:72:void f() -> e
    75:83:void g() -> f
    86:87:void h() -> g
    90:94:boolean i() -> h
    98:98:long j() -> i
    102:110:u.aly.J a(android.content.Context) -> a
u.aly.x -> AMKJFDKKLSI8FD9FD3SPOI7.uonnon.asl:
    java.lang.String a -> a
    long b -> b
u.aly.y -> AMKJFDKKLSI8FD9FD3SPOI7.uonnon.asm:
    25:52:u.aly.ae a(android.content.Context) -> a
    56:68:long[] b(android.content.Context) -> b
u.aly.z -> AMKJFDKKLSI8FD9FD3SPOI7.uonnon.asn:
    java.util.Map b -> a
    java.util.ArrayList c -> b
    25:30:void a(java.lang.String) -> a
    33:49:void b(java.lang.String) -> b
    52:66:void a() -> a
    69:97:void a(android.content.Context) -> a
    101:121:java.util.List a(android.content.SharedPreferences) -> a