proguard/usage.txt
com.xjt.newpic.BuildConfig
com.xjt.newpic.R:
    10:10:public R()
com.xjt.newpic.R$anim
com.xjt.newpic.R$array
com.xjt.newpic.R$attr
com.xjt.newpic.R$color
com.xjt.newpic.R$dimen
com.xjt.newpic.R$drawable
com.xjt.newpic.R$id
com.xjt.newpic.R$integer
com.xjt.newpic.R$layout
com.xjt.newpic.R$plurals
com.xjt.newpic.R$raw
com.xjt.newpic.R$string
com.xjt.newpic.R$style
com.xjt.newpic.R$styleable:
    1636:1636:public R$styleable()
com.xjt.newpic.activities.NpMediaActivity:
    public static final long SPLASH_INTERVAL
    public static final java.lang.String KEY_ALBUM_TITLE
    public static final java.lang.String KEY_MEDIA_PATH
    public static final java.lang.String KEY_ALBUM_ID
    public static final java.lang.String KEY_IS_CAMERA_SOURCE
    public static final java.lang.String KEY_IS_IMAGE
    public static final int REQUEST_CODE_SETTINGS
    public static final int REQUEST_CODE_EDITING
com.xjt.newpic.activities.NpMoviePlayActivity:
    public static final java.lang.String KEY_LOGO_BITMAP
com.xjt.newpic.activities.NpSettingsActivity:
    public static final java.lang.String KEY_SOURCE_TYPE
    public static final java.lang.String KEY_FROM_TIP
com.xjt.newpic.adapters.FullImageDataAdapter:
    private static final int MSG_LOAD_START
    private static final int MSG_LOAD_FINISH
    private static final int MSG_RUN_OBJECT
    private static final int MSG_UPDATE_IMAGE_REQUESTS
    private static final int MIN_LOAD_COUNT
    private static final int DATA_CACHE_SIZE
    private static final int SCREEN_NAIL_MAX
    private static final int IMAGE_CACHE_SIZE
    private static final int BIT_SCREEN_NAIL
    private static final int BIT_FULL_IMAGE
    542:556:public void setCurrentPhoto(com.xjt.newpic.metadata.MediaPath,int)
    565:566:public void setFocusHintPath(com.xjt.newpic.metadata.MediaPath)
com.xjt.newpic.adapters.ThumbnailDataWindow:
    private static final int MSG_UPDATE_ENTRY
    private static final int JOB_LIMIT
    private static final int CACHE_SIZE
com.xjt.newpic.adapters.ThumbnailSetDataWindow:
    private static final java.lang.String TAG
    private static final int MSG_UPDATE_ALBUM_ENTRY
    345:350:public com.xjt.newpic.views.opengl.BitmapTexture getLoadingTexture()
com.xjt.newpic.adapters.ThumbnailVideoDataWindow:
    private static final java.lang.String TAG
    private static final int MSG_UPDATE_ALBUM_ENTRY
    327:332:public com.xjt.newpic.views.opengl.BitmapTexture getLoadingTexture()
    358:362:private static int identifyCacheFlag(com.xjt.newpic.metadata.MediaSet)
com.xjt.newpic.adapters.TileImageViewAdapter:
    private static final java.lang.String TAG
    protected boolean mOwnScreenNail
com.xjt.newpic.animations.AlphaAnim
com.xjt.newpic.animations.Animation:
    private static final java.lang.String TAG
    private static final long ANIMATION_START
    private static final long NO_ANIMATION
    65:66:public void forceStop()
com.xjt.newpic.animations.AnimationTime:
    private static final java.lang.String TAG
    13:13:public AnimationTime()
com.xjt.newpic.animations.CaptureAnim:
    private static final float ZOOM_DELTA
    private static final float ZOOM_IN_BEGIN
    8:8:public CaptureAnim()
com.xjt.newpic.animations.FloatAnim
com.xjt.newpic.animations.IntegerAnim
com.xjt.newpic.animations.StateTransAnim:
    84:85:public StateTransAnim(com.xjt.newpic.animations.StateTransAnim$Transition,com.xjt.newpic.views.opengl.RawTexture)
    87:93:public StateTransAnim(com.xjt.newpic.animations.StateTransAnim$Spec,com.xjt.newpic.views.opengl.RawTexture)
...
com.android.gallery3d.jpegstream.JpegConfig
com.android.gallery3d.jpegstream.StreamUtils
com.android.gallery3d.util.Future
com.android.gallery3d.util.FutureListener
com.android.gallery3d.util.PriorityThreadFactory
com.android.gallery3d.util.PriorityThreadFactory$1
com.android.gallery3d.util.ThreadPool
com.android.gallery3d.util.ThreadPool$CancelListener
com.android.gallery3d.util.ThreadPool$Job
com.android.gallery3d.util.ThreadPool$JobContext
com.android.gallery3d.util.ThreadPool$JobContextStub
com.android.gallery3d.util.ThreadPool$ResourceCounter
com.android.gallery3d.util.ThreadPool$Worker
com.coremedia.iso.AbstractBoxParser
com.coremedia.iso.Ascii
com.coremedia.iso.BoxParser
com.coremedia.iso.ChannelHelper
com.coremedia.iso.Hex
com.coremedia.iso.IsoFile
com.coremedia.iso.IsoTypeReader
com.coremedia.iso.IsoTypeReaderVariable
com.coremedia.iso.IsoTypeWriter
com.coremedia.iso.IsoTypeWriterVariable
com.coremedia.iso.PropertyBoxParserImpl
com.coremedia.iso.PropertyBoxParserImpl$FourCcToBox
com.coremedia.iso.Utf8
com.coremedia.iso.boxes.AbstractMediaHeaderBox
com.coremedia.iso.boxes.AlbumBox
com.coremedia.iso.boxes.AuthorBox
com.coremedia.iso.boxes.BitRateBox
com.coremedia.iso.boxes.Box
com.coremedia.iso.boxes.ChunkOffset64BitBox
com.coremedia.iso.boxes.ChunkOffsetBox
com.coremedia.iso.boxes.ClassificationBox
com.coremedia.iso.boxes.CompositionShiftLeastGreatestAtom
com.coremedia.iso.boxes.CompositionTimeToSample
com.coremedia.iso.boxes.CompositionTimeToSample$Entry
com.coremedia.iso.boxes.ContainerBox
com.coremedia.iso.boxes.CopyrightBox
com.coremedia.iso.boxes.DataEntryUrlBox
com.coremedia.iso.boxes.DataEntryUrnBox
com.coremedia.iso.boxes.DataInformationBox
com.coremedia.iso.boxes.DataReferenceBox
com.coremedia.iso.boxes.DescriptionBox
com.coremedia.iso.boxes.EditBox
com.coremedia.iso.boxes.EditListBox
com.coremedia.iso.boxes.EditListBox$Entry
com.coremedia.iso.boxes.FileTypeBox
com.coremedia.iso.boxes.FreeBox
com.coremedia.iso.boxes.FreeSpaceBox
com.coremedia.iso.boxes.FullBox
com.coremedia.iso.boxes.GenreBox
com.coremedia.iso.boxes.HandlerBox
com.coremedia.iso.boxes.HintMediaHeaderBox
com.coremedia.iso.boxes.ItemDataBox
com.coremedia.iso.boxes.ItemLocationBox
com.coremedia.iso.boxes.ItemLocationBox$Extent
com.coremedia.iso.boxes.ItemLocationBox$Item
com.coremedia.iso.boxes.ItemProtectionBox
com.coremedia.iso.boxes.KeywordsBox
com.coremedia.iso.boxes.MediaBox
com.coremedia.iso.boxes.MediaHeaderBox
com.coremedia.iso.boxes.MediaInformationBox
com.coremedia.iso.boxes.MetaBox
com.coremedia.iso.boxes.MovieBox
com.coremedia.iso.boxes.MovieHeaderBox
com.coremedia.iso.boxes.NullMediaHeaderBox
com.coremedia.iso.boxes.OmaDrmAccessUnitFormatBox
com.coremedia.iso.boxes.OriginalFormatBox
com.coremedia.iso.boxes.PerformerBox
com.coremedia.iso.boxes.ProgressiveDownloadInformationBox
com.coremedia.iso.boxes.ProgressiveDownloadInformationBox$Entry
com.coremedia.iso.boxes.ProtectionSchemeInformationBox
com.coremedia.iso.boxes.RatingBox
com.coremedia.iso.boxes.RecordingYearBox
com.coremedia.iso.boxes.SampleAuxiliaryInformationOffsetsBox
com.coremedia.iso.boxes.SampleAuxiliaryInformationSizesBox
com.coremedia.iso.boxes.SampleDependencyTypeBox
com.coremedia.iso.boxes.SampleDependencyTypeBox$Entry
com.coremedia.iso.boxes.SampleDescriptionBox
com.coremedia.iso.boxes.SampleSizeBox
com.coremedia.iso.boxes.SampleTableBox
com.coremedia.iso.boxes.SampleToChunkBox
com.coremedia.iso.boxes.SampleToChunkBox$Entry
com.coremedia.iso.boxes.SchemeInformationBox
com.coremedia.iso.boxes.SchemeTypeBox
com.coremedia.iso.boxes.SoundMediaHeaderBox
com.coremedia.iso.boxes.StaticChunkOffsetBox
com.coremedia.iso.boxes.SubSampleInformationBox
com.coremedia.iso.boxes.SubSampleInformationBox$SampleEntry
com.coremedia.iso.boxes.SubSampleInformationBox$SampleEntry$SubsampleEntry
com.coremedia.iso.boxes.SubtitleMediaHeaderBox
com.coremedia.iso.boxes.SyncSampleBox
com.coremedia.iso.boxes.TimeToSampleBox
com.coremedia.iso.boxes.TimeToSampleBox$Entry